The system is: Windows - 6.2 - AMD64
Compiling the C compiler identification source file "CMakeCCompilerId.c" succeeded.
Compiler:  
Build flags: 
Id flags: 

The output was:
0
Microsoft (R) Build Engine версии 4.0.30319.33440
[Microsoft .NET Framework версии 4.0.30319.34014]
(C) Корпорация Майкрософт (Microsoft Corporation). Все права защищены.

Построение начато 26.04.2015 18:50:26.
Проект "C:\Projects\CPP\Tetris\build\CMakeFiles\3.2.1\CompilerIdC\CompilerIdC.vcxproj" в узле 1 (целевые объекты по умолчанию).
PrepareForBuild:
  Создание каталога "Debug\".
InitializeBuildStatus:
  Создание "Debug\CompilerIdC.unsuccessfulbuild", так как было задано "AlwaysCreate".
ClCompile:
  C:\Program Files (x86)\Microsoft Visual Studio 11.0\VC\bin\CL.exe /c /nologo /W0 /WX- /Od /Oy- /D _MBCS /Gm- /EHsc /RTC1 /MDd /GS /fp:precise /Zc:wchar_t /Zc:forScope /Fo"Debug\\" /Fd"Debug\vc110.pdb" /Gd /TC /analyze- /errorReport:queue CMakeCCompilerId.c
  CMakeCCompilerId.c
Link:
  C:\Program Files (x86)\Microsoft Visual Studio 11.0\VC\bin\link.exe /ERRORREPORT:QUEUE /OUT:".\CompilerIdC.exe" /INCREMENTAL:NO /NOLOGO kernel32.lib user32.lib gdi32.lib winspool.lib comdlg32.lib advapi32.lib shell32.lib ole32.lib oleaut32.lib uuid.lib odbc32.lib odbccp32.lib /MANIFEST /MANIFESTUAC:"level='asInvoker' uiAccess='false'" /manifest:embed /PDB:".\CompilerIdC.pdb" /SUBSYSTEM:CONSOLE /TLBID:1 /DYNAMICBASE /NXCOMPAT /IMPLIB:".\CompilerIdC.lib" /MACHINE:X86 /SAFESEH Debug\CMakeCCompilerId.obj
  CompilerIdC.vcxproj -> C:\Projects\CPP\Tetris\build\CMakeFiles\3.2.1\CompilerIdC\.\CompilerIdC.exe
PostBuildEvent:
  for %%i in (cl.exe) do @echo CMAKE_C_COMPILER=%%~$PATH:i
  :VCEnd
  CMAKE_C_COMPILER=C:\Program Files (x86)\Microsoft Visual Studio 11.0\VC\bin\cl.exe
FinalizeBuildStatus:
  Файл "Debug\CompilerIdC.unsuccessfulbuild" удаляется.
  Обращение к "Debug\CompilerIdC.lastbuildstate".
Построение проекта "C:\Projects\CPP\Tetris\build\CMakeFiles\3.2.1\CompilerIdC\CompilerIdC.vcxproj" завершено (целевые объекты по умолчанию).

Построение успешно завершено.
    Предупреждений: 0
    Ошибок: 0

Затраченное время: 00:00:01.82


Compilation of the C compiler identification source "CMakeCCompilerId.c" produced "CompilerIdC.exe"

Compilation of the C compiler identification source "CMakeCCompilerId.c" produced "CompilerIdC.vcxproj"

The C compiler identification is MSVC, found in "C:/Projects/CPP/Tetris/build/CMakeFiles/3.2.1/CompilerIdC/CompilerIdC.exe"

